<?xml version="1.0" encoding="UTF-8"?>
<Site BuildName="(empty)"
	BuildStamp="20250210-1659-Experimental"
	Name="(empty)"
	Generator="ctest-3.31.5"
	CompilerName=""
	CompilerVersion=""
	OSName="Linux"
	Hostname="muhammad-nagy"
	OSRelease="6.8.0-52-generic"
	OSVersion="#53-Ubuntu SMP PREEMPT_DYNAMIC Sat Jan 11 00:06:25 UTC 2025"
	OSPlatform="x86_64"
	Is64Bits="1"
	VendorString="GenuineIntel"
	VendorID="Intel Corporation"
	FamilyID="6"
	ModelID="140"
	ModelName="11th Gen Intel(R) Core(TM) i7-1185G7 @ 3.00GHz"
	ProcessorCacheSize="12288"
	NumberOfLogicalCPU="8"
	NumberOfPhysicalCPU="4"
	TotalVirtualMemory="4095"
	TotalPhysicalMemory="15720"
	LogicalProcessorsPerPhysical="2"
	ProcessorClockFrequency="4199.96"
	>
	<Testing>
		<StartDateTime>Feb 10 23:44 EET</StartDateTime>
		<StartTestTime>1739223842</StartTestTime>
		<TestList/>
		<EndDateTime>Feb 10 23:44 EET</EndDateTime>
		<EndTestTime>1739223842</EndTestTime>
		<ElapsedMinutes>0</ElapsedMinutes>
	</Testing>
</Site>
